<?xml version="1.0" encoding="UTF-8"?>
<coverage generated="1578788825">
  <project timestamp="1578788825">
    <package name="TomHart\Database">
      <file name="/Users/thr15/Developmemt/Tom/laravel-api-database-driver/src/ApiDriverServiceProvider.php">
        <class name="TomHart\Database\ApiDriverServiceProvider" namespace="TomHart\Database">
          <metrics complexity="3" methods="2" coveredmethods="1" conditionals="0" coveredconditionals="0" statements="10" coveredstatements="9" elements="12" coveredelements="10"/>
        </class>
        <line num="19" type="method" name="register" visibility="public" complexity="2" crap="2.02" count="1"/>
        <line num="22" type="stmt" count="1"/>
        <line num="23" type="stmt" count="0"/>
        <line num="26" type="stmt" count="1"/>
        <line num="27" type="stmt" count="1"/>
        <line num="29" type="stmt" count="1"/>
        <line num="30" type="stmt" count="1"/>
        <line num="35" type="method" name="boot" visibility="public" complexity="1" crap="1" count="1"/>
        <line num="37" type="stmt" count="1"/>
        <line num="38" type="stmt" count="1"/>
        <line num="39" type="stmt" count="1"/>
        <line num="40" type="stmt" count="1"/>
        <metrics loc="41" ncloc="33" classes="1" methods="2" coveredmethods="1" conditionals="0" coveredconditionals="0" statements="10" coveredstatements="9" elements="12" coveredelements="10"/>
      </file>
    </package>
    <package name="TomHart\Database\Database">
      <file name="/Users/thr15/Developmemt/Tom/laravel-api-database-driver/src/Database/ApiConnection.php">
        <class name="TomHart\Database\Database\ApiConnection" namespace="TomHart\Database\Database">
          <metrics complexity="13" methods="6" coveredmethods="2" conditionals="0" coveredconditionals="0" statements="31" coveredstatements="25" elements="37" coveredelements="27"/>
        </class>
        <line num="19" type="method" name="getDefaultQueryGrammar" visibility="protected" complexity="2" crap="2.06" count="1"/>
        <line num="21" type="stmt" count="1"/>
        <line num="22" type="stmt" count="1"/>
        <line num="23" type="stmt" count="0"/>
        <line num="25" type="stmt" count="1"/>
        <line num="32" type="method" name="getApiHost" visibility="private" complexity="1" crap="1" count="1"/>
        <line num="34" type="stmt" count="1"/>
        <line num="42" type="method" name="extractJsonKey" visibility="private" complexity="3" crap="3.04" count="1"/>
        <line num="44" type="stmt" count="1"/>
        <line num="45" type="stmt" count="1"/>
        <line num="47" type="stmt" count="1"/>
        <line num="48" type="stmt" count="1"/>
        <line num="49" type="stmt" count="1"/>
        <line num="52" type="stmt" count="0"/>
        <line num="62" type="method" name="select" visibility="public" complexity="3" crap="3.02" count="1"/>
        <line num="65" type="stmt" count="1"/>
        <line num="67" type="stmt" count="1"/>
        <line num="70" type="stmt" count="1"/>
        <line num="71" type="stmt" count="1"/>
        <line num="73" type="stmt" count="1"/>
        <line num="74" type="stmt" count="0"/>
        <line num="77" type="stmt" count="1"/>
        <line num="78" type="stmt" count="1"/>
        <line num="82" type="method" name="getResponse" visibility="private" complexity="3" crap="3.33" count="1"/>
        <line num="83" type="stmt" count="1"/>
        <line num="84" type="stmt" count="1"/>
        <line num="87" type="stmt" count="1"/>
        <line num="88" type="stmt" count="1"/>
        <line num="90" type="stmt" count="1"/>
        <line num="91" type="stmt" count="0"/>
        <line num="93" type="stmt" count="0"/>
        <line num="95" type="stmt" count="0"/>
        <line num="98" type="stmt" count="1"/>
        <line num="102" type="method" name="isJsonResponse" visibility="private" complexity="1" crap="1" count="1"/>
        <line num="104" type="stmt" count="1"/>
        <line num="105" type="stmt" count="1"/>
        <line num="117" type="stmt" count="1"/>
        <metrics loc="118" ncloc="96" classes="1" methods="6" coveredmethods="2" conditionals="0" coveredconditionals="0" statements="31" coveredstatements="25" elements="37" coveredelements="27"/>
      </file>
    </package>
    <package name="TomHart\Database\Database\Query\Grammars">
      <file name="/Users/thr15/Developmemt/Tom/laravel-api-database-driver/src/Database/Query/Grammars/ApiGrammar.php">
        <class name="TomHart\Database\Database\Query\Grammars\ApiGrammar" namespace="TomHart\Database\Database\Query\Grammars">
          <metrics complexity="8" methods="4" coveredmethods="0" conditionals="0" coveredconditionals="0" statements="18" coveredstatements="0" elements="22" coveredelements="0"/>
        </class>
        <line num="17" type="method" name="getDefaultQueryString" visibility="public" complexity="1" crap="2" count="0"/>
        <line num="19" type="stmt" count="0"/>
        <line num="26" type="method" name="setDefaultQueryString" visibility="public" complexity="1" crap="2" count="0"/>
        <line num="28" type="stmt" count="0"/>
        <line num="29" type="stmt" count="0"/>
        <line num="37" type="method" name="compileSelect" visibility="public" complexity="4" crap="20" count="0"/>
        <line num="39" type="stmt" count="0"/>
        <line num="40" type="stmt" count="0"/>
        <line num="41" type="stmt" count="0"/>
        <line num="45" type="stmt" count="0"/>
        <line num="46" type="stmt" count="0"/>
        <line num="49" type="stmt" count="0"/>
        <line num="50" type="stmt" count="0"/>
        <line num="53" type="stmt" count="0"/>
        <line num="62" type="method" name="addWhereClause" visibility="private" complexity="2" crap="6" count="0"/>
        <line num="64" type="stmt" count="0"/>
        <line num="66" type="stmt" count="0"/>
        <line num="67" type="stmt" count="0"/>
        <line num="68" type="stmt" count="0"/>
        <line num="69" type="stmt" count="0"/>
        <line num="70" type="stmt" count="0"/>
        <line num="73" type="stmt" count="0"/>
        <metrics loc="74" ncloc="54" classes="1" methods="4" coveredmethods="0" conditionals="0" coveredconditionals="0" statements="18" coveredstatements="0" elements="22" coveredelements="0"/>
      </file>
    </package>
    <metrics files="3" loc="233" ncloc="183" classes="3" methods="12" coveredmethods="3" conditionals="0" coveredconditionals="0" statements="59" coveredstatements="34" elements="71" coveredelements="37"/>
  </project>
</coverage>
